
	$(includedir)/monetdb/monetdb_config.h
buildtools/
buildtools/conf/
	$(prefix)/website.html#NATIVE_WIN32
	$(sysconfdir)/tmpfiles.d/monetdbd.conf#NOT_WIN32
	$(prefix)/banner.bmp#NATIVE_WIN32
	$(prefix)/monetdb.ico#NATIVE_WIN32
	$(bindir)/Maddlog#HAVE_DEVELOPER
	$(prefix)/license.rtf#NATIVE_WIN32
common/
common/stream/
	$(includedir)/monetdb/stream_socket.h
	$(includedir)/monetdb/stream.h
	$(libdir)/libstream.so
	$(libdir)/pkgconfig/monetdb-stream.pc#NOT_WIN32
common/options/
	$(includedir)/monetdb/monet_options.h
common/utils/
clients/
clients/mapilib/
	$(includedir)/monetdb/mapi.h
	$(libdir)/libmapi.so
	$(libdir)/pkgconfig/monetdb-mapi.pc#NOT_WIN32
gdk/
	$(libdir)/libbat.so
	$(includedir)/monetdb/gdk_utils.h
	$(includedir)/monetdb/gdk_delta.h
	$(includedir)/monetdb/gdk_atomic.h
	$(includedir)/monetdb/gdk_bbp.h
	$(includedir)/monetdb/gdk_hash.h
	$(includedir)/monetdb/gdk_atoms.h
	$(includedir)/monetdb/gdk_calc.h
	$(includedir)/monetdb/gdk_system.h
	$(includedir)/monetdb/gdk.h
	$(includedir)/monetdb/gdk_posix.h
	$(libdir)/pkgconfig/monetdb-gdk.pc#NOT_WIN32
monetdb5/
monetdb5/mal/
	$(includedir)/monetdb/mal_exception.h
	$(includedir)/monetdb/mal_type.h
	$(includedir)/monetdb/mal_errors.h
	$(includedir)/monetdb/mal_namespace.h
	$(includedir)/monetdb/mal_stack.h
	$(includedir)/monetdb/mal_instruction.h
	$(includedir)/monetdb/mal.h
monetdb5/modules/
monetdb5/modules/atoms/
	$(libdir)/monetdb5/autoload/00_json_hge.mal#HAVE_HGE
	$(libdir)/monetdb5/xml.mal
	$(libdir)/monetdb5/url.mal
	$(libdir)/monetdb5/blob.mal
	$(libdir)/monetdb5/json.mal
	$(libdir)/monetdb5/color.mal
	$(libdir)/monetdb5/identifier.mal
	$(libdir)/monetdb5/streams.mal
	$(libdir)/monetdb5/batxml.mal
	$(libdir)/monetdb5/inet.mal
	$(libdir)/monetdb5/uuid.mal
	$(libdir)/monetdb5/mcurl.mal
	$(libdir)/monetdb5/mtime.mal
	$(libdir)/monetdb5/str.mal
monetdb5/modules/kernel/
	$(libdir)/monetdb5/autoload/00_aggr_hge.mal#HAVE_HGE
	$(libdir)/monetdb5/alarm.mal
	$(libdir)/monetdb5/bat5.mal
	$(libdir)/monetdb5/microbenchmark.mal
	$(libdir)/monetdb5/batmmath.mal
	$(libdir)/monetdb5/mmath.mal
	$(libdir)/monetdb5/aggr.mal
	$(libdir)/monetdb5/batstr.mal
	$(libdir)/monetdb5/group.mal
	$(libdir)/monetdb5/batcolor.mal
	$(libdir)/monetdb5/status.mal
	$(libdir)/monetdb5/algebra.mal
	$(libdir)/monetdb5/logger.mal
monetdb5/modules/mal/
	$(libdir)/monetdb5/autoload/00_batcalc_hge.mal#HAVE_HGE
	$(libdir)/monetdb5/autoload/00_calc_hge.mal#HAVE_HGE
	$(libdir)/monetdb5/autoload/00_mkey_hge.mal#HAVE_HGE
	$(libdir)/monetdb5/autoload/00_mal_mapi_hge.mal#HAVE_HGE
	$(libdir)/monetdb5/autoload/00_iterator_hge.mal#HAVE_HGE
	$(libdir)/monetdb5/autoload/00_language_hge.mal#HAVE_HGE
	$(libdir)/monetdb5/autoload/00_batExtensions_hge.mal#HAVE_HGE
	$(libdir)/monetdb5/pcre.mal
	$(libdir)/monetdb5/manifold.mal
	$(libdir)/monetdb5/sysmon.mal
	$(libdir)/monetdb5/json_util.mal
	$(libdir)/monetdb5/groupby.mal
	$(libdir)/monetdb5/mal_init.mal
	$(libdir)/monetdb5/remote.mal
	$(libdir)/monetdb5/mal_mapi.mal
	$(libdir)/monetdb5/tokenizer.mal
	$(libdir)/monetdb5/bbp.mal
	$(libdir)/monetdb5/mal_io.mal
	$(libdir)/monetdb5/sabaoth.mal
	$(libdir)/monetdb5/batExtensions.mal
	$(libdir)/monetdb5/manual.mal
	$(libdir)/monetdb5/language.mal
	$(libdir)/monetdb5/mdb.mal
	$(libdir)/monetdb5/factories.mal
	$(libdir)/monetdb5/inspect.mal
	$(libdir)/monetdb5/mat.mal
	$(libdir)/monetdb5/profiler.mal
	$(libdir)/monetdb5/iterator.mal
	$(libdir)/monetdb5/transaction.mal
	$(libdir)/monetdb5/sample.mal
	$(libdir)/monetdb5/querylog.mal
	$(libdir)/monetdb5/txtsim.mal
	$(libdir)/monetdb5/zorder.mal
	$(libdir)/monetdb5/clients.mal
	$(libdir)/monetdb5/recycle.mal
	$(libdir)/monetdb5/batmtime.mal
	$(libdir)/monetdb5/mkey.mal
	$(libdir)/monetdb5/autoload/01_batcalc.mal
	$(libdir)/monetdb5/autoload/01_calc.mal
monetdb5/optimizer/
	$(libdir)/monetdb5/optimizer.mal
monetdb5/scheduler/
	$(libdir)/monetdb5/run_memo.mal
	$(libdir)/monetdb5/srvpool.mal
	$(libdir)/monetdb5/run_adder.mal
	$(libdir)/monetdb5/run_isolate.mal
monetdb5/tools/
	$(libdir)/libmonetdb5.so
	$(libdir)/pkgconfig/monetdb5.pc#NOT_WIN32
sql/
	$(datadir)/doc/MonetDB-SQL/dump-restore.html
	$(datadir)/doc/MonetDB-SQL/dump-restore.txt
sql/include/
sql/common/
sql/storage/
sql/storage/bat/
sql/server/
sql/backends/
sql/backends/monet5/
	$(libdir)/monetdb5/lib_sql.so
	$(libdir)/monetdb5/autoload/40_sql.mal
	$(libdir)/monetdb5/sql_aggr_lng.mal
	$(libdir)/monetdb5/sql_inspect.mal
	$(libdir)/monetdb5/sql_aggr_flt.mal
	$(libdir)/monetdb5/sql_aggr_wrd.mal
	$(libdir)/monetdb5/sql_rank.mal
	$(libdir)/monetdb5/sql_aggr_int.mal
	$(libdir)/monetdb5/sql_aggr_bte.mal
	$(libdir)/monetdb5/sql_decimal.mal
	$(libdir)/monetdb5/sql_aggr_sht.mal
	$(libdir)/monetdb5/sql.mal
	$(libdir)/monetdb5/sql_aggr_dbl.mal
	$(libdir)/monetdb5/autoload/41_sql_hge.mal#HAVE_HGE
	$(libdir)/monetdb5/sql_aggr_hge.mal#HAVE_HGE
	$(libdir)/monetdb5/sql_hge.mal#HAVE_HGE
	$(libdir)/monetdb5/sql_decimal_hge.mal#HAVE_HGE
sql/scripts/
	$(libdir)/monetdb5/createdb/80_statistics.sql
	$(libdir)/monetdb5/createdb/39_analytics.sql
	$(libdir)/monetdb5/createdb/26_sysmon.sql
	$(libdir)/monetdb5/createdb/13_date.sql
	$(libdir)/monetdb5/createdb/75_storagemodel.sql
	$(libdir)/monetdb5/createdb/17_temporal.sql
	$(libdir)/monetdb5/createdb/10_math.sql
	$(libdir)/monetdb5/createdb/51_sys_schema_extension.sql
	$(libdir)/monetdb5/createdb/21_dependency_functions.sql
	$(libdir)/monetdb5/createdb/09_like.sql
	$(libdir)/monetdb5/createdb/22_clients.sql
	$(libdir)/monetdb5/createdb/40_json.sql
	$(libdir)/monetdb5/createdb/41_md5sum.sql
	$(libdir)/monetdb5/createdb/20_vacuum.sql
	$(libdir)/monetdb5/createdb/24_zorder.sql
	$(libdir)/monetdb5/createdb/25_debug.sql
	$(libdir)/monetdb5/createdb/23_skyserver.sql
	$(libdir)/monetdb5/createdb/11_times.sql
	$(libdir)/monetdb5/createdb/45_uuid.sql
	$(libdir)/monetdb5/createdb/16_tracelog.sql
	$(libdir)/monetdb5/createdb/99_system.sql
	$(libdir)/monetdb5/createdb/15_querylog.sql
	$(libdir)/monetdb5/createdb/12_url.sql
	$(libdir)/monetdb5/createdb/27_rejects.sql
	$(libdir)/monetdb5/createdb/14_inet.sql
	$(libdir)/monetdb5/createdb/46_profiler.sql
	$(libdir)/monetdb5/createdb/39_analytics_hge.sql#HAVE_HGE
	$(libdir)/monetdb5/createdb/40_json_hge.sql#HAVE_HGE
sql/NT/#NATIVE_WIN32
	$(prefix)/MSQLclient.bat
	$(prefix)/MSQLserver.bat
tools/
tools/embedded/
	$(libdir)/libembedded.so
	$(libdir)/libembeddedr.so
